<?xml version="1.0" encoding="UTF-8"?>
<!-- Generated by org.testng.reporters.JUnitReportReporter -->
<testsuite ignored="0" hostname="Jesus-Valenzuela" failures="0" tests="1" name="pruebaTestNG.Selenium_Test" time="13.355" errors="0" timestamp="05 oct 2024 16:59:57 GMT" skipped="0">
  <testcase classname="pruebaTestNG.Selenium_Test" name="f" time="13.355"/>
</testsuite> <!-- pruebaTestNG.Selenium_Test -->
